2025-06-06 16:38:05,446 - INFO - 配置文件 D:\project\20250605\config.json 不存在，创建默认配置。
2025-06-06 16:38:05,448 - DEBUG - 配置加载完成：{'session_data_file': 'D:\\project\\20250605\\session_data.json', 'exclude_process_paths': ['C:\\Windows\\explorer.exe', 'C:\\Windows\\System32\\ApplicationFrameHost.exe', 'C:\\Windows\\SystemApps\\MicrosoftWindows.Client.CBS_cw5n1h2txyewy\\TextInputHost.exe', 'C:\\Windows\\ImmersiveControlPanel\\SystemSettings.exe', 'C:\\Windows\\System32\\cmd.exe', 'C:\\Windows\\System32\\WindowsPowerShell\\v1.0\\powershell.exe'], 'exclude_window_titles': ['Program Manager', 'dummyLayeredWnd', 'Microsoft Text Input Application', '设置'], 'browser_executables': ['chrome.exe', 'msedge.exe', 'firefox.exe', 'opera.exe'], 'window_title_similarity_threshold': 0.5, 'restore_delay_seconds': 0.1, 'backup_session_data': True}
2025-06-06 16:38:10,696 - INFO - 配置已从 D:\project\20250605\config.json 加载。
2025-06-06 16:38:10,696 - DEBUG - 配置加载完成：{'session_data_file': 'D:\\project\\20250605\\session_data.json', 'exclude_process_paths': ['C:\\Windows\\explorer.exe', 'C:\\Windows\\System32\\ApplicationFrameHost.exe', 'C:\\Windows\\SystemApps\\MicrosoftWindows.Client.CBS_cw5n1h2txyewy\\TextInputHost.exe', 'C:\\Windows\\ImmersiveControlPanel\\SystemSettings.exe', 'C:\\Windows\\System32\\cmd.exe', 'C:\\Windows\\System32\\WindowsPowerShell\\v1.0\\powershell.exe'], 'exclude_window_titles': ['Program Manager', 'dummyLayeredWnd', 'Microsoft Text Input Application', '设置'], 'browser_executables': ['chrome.exe', 'msedge.exe', 'firefox.exe', 'opera.exe'], 'window_title_similarity_threshold': 0.5, 'restore_delay_seconds': 0.1, 'backup_session_data': True}
2025-06-06 17:02:30,372 - INFO - 配置已从 d:\project\20250605\config.json 加载。
2025-06-06 17:02:30,372 - DEBUG - 配置加载完成：{'session_data_file': 'D:\\project\\20250605\\session_data.json', 'exclude_process_paths': ['C:\\Windows\\explorer.exe', 'C:\\Windows\\System32\\ApplicationFrameHost.exe', 'C:\\Windows\\SystemApps\\MicrosoftWindows.Client.CBS_cw5n1h2txyewy\\TextInputHost.exe', 'C:\\Windows\\ImmersiveControlPanel\\SystemSettings.exe', 'C:\\Windows\\System32\\cmd.exe', 'C:\\Windows\\System32\\WindowsPowerShell\\v1.0\\powershell.exe'], 'exclude_window_titles': ['Program Manager', 'dummyLayeredWnd', 'Microsoft Text Input Application', '设置'], 'browser_executables': ['chrome.exe', 'msedge.exe', 'firefox.exe', 'opera.exe'], 'window_title_similarity_threshold': 0.5, 'restore_delay_seconds': 0.1, 'backup_session_data': True, 'default_session_name': '上次会话'}
2025-06-06 17:02:30,372 - INFO - 脚本以GUI模式启动。
2025-06-06 17:02:30,442 - INFO - 会话管理器应用程序已启动。
2025-06-06 17:02:30,442 - INFO - 配置文件: d:\project\20250605\config.json
2025-06-06 17:02:30,442 - INFO - 会话数据文件: D:\project\20250605\session_data.json
2025-06-06 17:02:30,442 - INFO - 日志文件: d:\project\20250605\session_manager.log
2025-06-06 17:02:30,442 - INFO - 加载所有会话...
2025-06-06 17:02:30,442 - INFO - 已从 D:\project\20250605\session_data.json 加载所有会话数据。共 4 个会话。
2025-06-06 17:04:06,567 - INFO - 配置已从 d:\project\20250605\config.json 加载。
2025-06-06 17:04:06,567 - DEBUG - 配置加载完成：{'session_data_file': 'D:\\project\\20250605\\session_data.json', 'exclude_process_paths': ['C:\\Windows\\explorer.exe', 'C:\\Windows\\System32\\ApplicationFrameHost.exe', 'C:\\Windows\\SystemApps\\MicrosoftWindows.Client.CBS_cw5n1h2txyewy\\TextInputHost.exe', 'C:\\Windows\\ImmersiveControlPanel\\SystemSettings.exe', 'C:\\Windows\\System32\\cmd.exe', 'C:\\Windows\\System32\\WindowsPowerShell\\v1.0\\powershell.exe'], 'exclude_window_titles': ['Program Manager', 'dummyLayeredWnd', 'Microsoft Text Input Application', '设置'], 'browser_executables': ['chrome.exe', 'msedge.exe', 'firefox.exe', 'opera.exe'], 'window_title_similarity_threshold': 0.5, 'restore_delay_seconds': 0.1, 'backup_session_data': True, 'default_session_name': '上次会话'}
2025-06-06 17:04:06,567 - INFO - 脚本以GUI模式启动。
2025-06-06 17:04:06,627 - INFO - 会话管理器应用程序已启动。
2025-06-06 17:04:06,627 - INFO - 配置文件: d:\project\20250605\config.json
2025-06-06 17:04:06,627 - INFO - 会话数据文件: D:\project\20250605\session_data.json
2025-06-06 17:04:06,627 - INFO - 日志文件: d:\project\20250605\session_manager.log
2025-06-06 17:04:06,628 - INFO - 加载所有会话...
2025-06-06 17:04:06,628 - INFO - 已从 D:\project\20250605\session_data.json 加载所有会话数据。共 4 个会话。
2025-06-06 17:04:06,628 - WARNING - 检测到旧版会话数据格式 (列表)。正在将其迁移到默认会话。
2025-06-06 17:04:06,628 - INFO - 已备份现有会话数据文件到 D:\project\20250605\session_data.json.bak
2025-06-06 17:04:06,629 - INFO - 所有会话数据已成功保存到 D:\project\20250605\session_data.json
2025-06-06 17:04:06,629 - INFO - 旧版会话数据已迁移并保存为默认会话。
2025-06-06 17:04:06,629 - INFO - 选中会话: '上次会话'
2025-06-06 17:04:06,630 - INFO - Treeview 已加载 4 个条目。
2025-06-06 17:04:06,630 - INFO - 会话加载完成。共 1 个会话。
2025-06-06 17:04:18,071 - INFO - 点击：保存当前会话为 '上次会话'
2025-06-06 17:04:18,071 - INFO - 开始收集当前会话数据...
2025-06-06 17:04:18,072 - DEBUG - 收集到应用: '会话管理器' (C:\Users\Administrator\AppData\Local\Programs\Python\Python39\python.exe)
2025-06-06 17:04:18,072 - DEBUG - 收集到应用: 'get_windows.py - 20250605 - Cursor [Administrator]' (D:\Users\Administrator\AppData\Local\Programs\cursor\Cursor.exe)
2025-06-06 17:04:18,073 - INFO -   - Note: Collecting tab URLs for 'processon_百度搜索 - Google Chrome' (chrome.exe) is not yet implemented.
2025-06-06 17:04:18,073 - DEBUG - 收集到浏览器: 'processon_百度搜索 - Google Chrome' (C:\Program Files\Google\Chrome\Application\chrome.exe)
2025-06-06 17:04:18,073 - INFO - 会话数据收集完成。共收集到 3 个相关窗口/应用条目。
2025-06-06 17:04:18,074 - INFO - 已备份现有会话数据文件到 D:\project\20250605\session_data.json.bak
2025-06-06 17:04:18,075 - INFO - 所有会话数据已成功保存到 D:\project\20250605\session_data.json
2025-06-06 17:04:18,076 - INFO - 加载所有会话...
2025-06-06 17:04:18,076 - INFO - 已从 D:\project\20250605\session_data.json 加载所有会话数据。共 1 个会话。
2025-06-06 17:04:18,077 - INFO - 选中会话: '上次会话'
2025-06-06 17:04:18,077 - INFO - Treeview 已加载 3 个条目。
2025-06-06 17:04:18,077 - INFO - 会话加载完成。共 1 个会话。
2025-06-06 17:04:18,077 - INFO - 会话 '上次会话' 保存成功。
2025-06-06 17:04:24,136 - INFO - 点击：恢复会话 '上次会话'
2025-06-06 17:04:24,136 - INFO - 开始恢复会话...
2025-06-06 17:04:24,136 - INFO - 
尝试恢复 (application): '会话管理器' (路径: C:\Users\Administrator\AppData\Local\Programs\Python\Python39\python.exe)
2025-06-06 17:04:24,136 - DEBUG -   - 找到 1 个同路径的现有窗口。
2025-06-06 17:04:24,136 - DEBUG -   - 找到精确匹配标题的窗口 (标题: '会话管理器')。
2025-06-06 17:04:24,136 - DEBUG -   - 尝试使用 pygetwindow.restore() 和 activate() 对窗口 '会话管理器' (HWND: 525480)...
2025-06-06 17:04:24,136 - INFO -   - 窗口聚焦尝试成功。
2025-06-06 17:04:24,136 - INFO - 
尝试恢复 (application): 'get_windows.py - 20250605 - Cursor [Administrator]' (路径: D:\Users\Administrator\AppData\Local\Programs\cursor\Cursor.exe)
2025-06-06 17:04:24,136 - DEBUG -   - 找到 1 个同路径的现有窗口。
2025-06-06 17:04:24,136 - DEBUG -   - 找到精确匹配标题的窗口 (标题: 'get_windows.py - 20250605 - Cursor [Administrator]')。
2025-06-06 17:04:24,136 - DEBUG -   - 尝试使用 pygetwindow.restore() 和 activate() 对窗口 'get_windows.py - 20250605 - Cursor [Administrator]' (HWND: 394872)...
2025-06-06 17:04:24,136 - INFO -   - 窗口聚焦尝试成功。
2025-06-06 17:04:24,136 - INFO - 
尝试恢复 (browser): 'processon_百度搜索 - Google Chrome' (路径: C:\Program Files\Google\Chrome\Application\chrome.exe)
2025-06-06 17:04:24,151 - DEBUG -   - 找到 2 个同路径的现有窗口。
2025-06-06 17:04:24,151 - DEBUG -   - 找到精确匹配标题的窗口 (标题: 'processon_百度搜索 - Google Chrome')。
2025-06-06 17:04:24,151 - DEBUG -   - 尝试使用 pygetwindow.restore() 和 activate() 对窗口 'processon_百度搜索 - Google Chrome' (HWND: 1181334)...
2025-06-06 17:04:24,318 - INFO -   - 窗口聚焦尝试成功。
2025-06-06 17:04:24,318 - INFO - 
会话恢复完成。成功尝试处理 3 个条目，失败 0 个。
2025-06-06 17:04:24,319 - INFO - 会话 '上次会话' 恢复尝试完成。
2025-06-06 17:04:30,175 - INFO - 加载所有会话...
2025-06-06 17:04:30,175 - INFO - 已从 D:\project\20250605\session_data.json 加载所有会话数据。共 1 个会话。
2025-06-06 17:04:30,175 - INFO - 选中会话: '上次会话'
2025-06-06 17:04:30,175 - INFO - Treeview 已加载 3 个条目。
2025-06-06 17:04:30,175 - INFO - 会话加载完成。共 1 个会话。
2025-06-06 17:04:41,961 - INFO - 加载所有会话...
2025-06-06 17:04:41,961 - INFO - 已从 D:\project\20250605\session_data.json 加载所有会话数据。共 1 个会话。
2025-06-06 17:04:41,961 - INFO - 选中会话: '上次会话'
2025-06-06 17:04:41,962 - INFO - Treeview 已加载 3 个条目。
2025-06-06 17:04:41,962 - INFO - 会话加载完成。共 1 个会话。
2025-06-06 17:07:27,540 - INFO - 配置已从 d:\project\20250605\config.json 加载。
2025-06-06 17:07:27,540 - DEBUG - 配置加载完成：{'session_data_file': 'D:\\project\\20250605\\session_data.json', 'exclude_process_paths': ['C:\\Windows\\explorer.exe', 'C:\\Windows\\System32\\ApplicationFrameHost.exe', 'C:\\Windows\\SystemApps\\MicrosoftWindows.Client.CBS_cw5n1h2txyewy\\TextInputHost.exe', 'C:\\Windows\\ImmersiveControlPanel\\SystemSettings.exe', 'C:\\Windows\\System32\\cmd.exe', 'C:\\Windows\\System32\\WindowsPowerShell\\v1.0\\powershell.exe'], 'exclude_window_titles': ['Program Manager', 'dummyLayeredWnd', 'Microsoft Text Input Application', '设置'], 'browser_executables': ['chrome.exe', 'msedge.exe', 'firefox.exe', 'opera.exe'], 'window_title_similarity_threshold': 0.5, 'restore_delay_seconds': 0.1, 'backup_session_data': True, 'default_session_name': '上次会话', 'startup_delay_seconds': 2}
2025-06-06 17:07:27,540 - INFO - 脚本以GUI模式启动。
2025-06-06 17:07:27,740 - INFO - 会话管理器应用程序已启动。
2025-06-06 17:07:27,740 - INFO - 配置文件: d:\project\20250605\config.json
2025-06-06 17:07:27,740 - INFO - 会话数据文件: D:\project\20250605\session_data.json
2025-06-06 17:07:27,740 - INFO - 日志文件: d:\project\20250605\session_manager.log
2025-06-06 17:07:27,740 - INFO - 加载所有会话...
2025-06-06 17:07:27,740 - INFO - 已从 D:\project\20250605\session_data.json 加载所有会话数据。共 1 个会话。
2025-06-06 17:07:27,740 - INFO - 选中会话: '上次会话'
2025-06-06 17:07:27,740 - INFO - Treeview 已加载 3 个条目。
2025-06-06 17:07:27,755 - INFO - 会话加载完成。共 1 个会话。
2025-06-06 17:07:30,937 - INFO - 加载所有会话...
2025-06-06 17:07:30,937 - INFO - 已从 D:\project\20250605\session_data.json 加载所有会话数据。共 1 个会话。
2025-06-06 17:07:30,938 - INFO - 选中会话: '上次会话'
2025-06-06 17:07:30,938 - INFO - Treeview 已加载 3 个条目。
2025-06-06 17:07:30,938 - INFO - 会话加载完成。共 1 个会话。
2025-06-06 17:09:32,011 - INFO - 配置已从 d:\project\20250605\config.json 加载。
2025-06-06 17:09:32,011 - DEBUG - 配置加载完成：{'session_data_file': 'D:\\project\\20250605\\session_data.json', 'exclude_process_paths': ['C:\\Windows\\explorer.exe', 'C:\\Windows\\System32\\ApplicationFrameHost.exe', 'C:\\Windows\\SystemApps\\MicrosoftWindows.Client.CBS_cw5n1h2txyewy\\TextInputHost.exe', 'C:\\Windows\\ImmersiveControlPanel\\SystemSettings.exe', 'C:\\Windows\\System32\\cmd.exe', 'C:\\Windows\\System32\\WindowsPowerShell\\v1.0\\powershell.exe'], 'exclude_window_titles': ['Program Manager', 'dummyLayeredWnd', 'Microsoft Text Input Application', '设置'], 'browser_executables': ['chrome.exe', 'msedge.exe', 'firefox.exe', 'opera.exe'], 'window_title_similarity_threshold': 0.5, 'restore_delay_seconds': 0.1, 'backup_session_data': True, 'default_session_name': '上次会话', 'startup_delay_seconds': 2}
2025-06-06 17:09:32,011 - INFO - 脚本以GUI模式启动。
2025-06-06 17:09:32,058 - WARNING - 未找到窗口图标文件: d:\project\20250605\app_icon.ico
2025-06-06 17:09:32,071 - INFO - 会话管理器应用程序已启动。
2025-06-06 17:09:32,071 - INFO - 配置文件: d:\project\20250605\config.json
2025-06-06 17:09:32,071 - INFO - 会话数据文件: D:\project\20250605\session_data.json
2025-06-06 17:09:32,071 - INFO - 日志文件: d:\project\20250605\session_manager.log
2025-06-06 17:09:32,071 - INFO - 加载所有会话...
2025-06-06 17:09:32,072 - INFO - 已从 D:\project\20250605\session_data.json 加载所有会话数据。共 1 个会话。
2025-06-06 17:09:32,072 - INFO - 选中会话: '上次会话'
2025-06-06 17:09:32,073 - INFO - Treeview 已加载 3 个条目。
2025-06-06 17:09:32,073 - INFO - 会话加载完成。共 1 个会话。
2025-06-06 17:58:17,947 - INFO - 配置已从 d:\project\20250605\config.json 加载。
2025-06-06 17:58:17,948 - DEBUG - 配置加载完成：{'session_data_file': 'D:\\project\\20250605\\session_data.json', 'exclude_process_paths': ['C:\\Windows\\explorer.exe', 'C:\\Windows\\System32\\ApplicationFrameHost.exe', 'C:\\Windows\\SystemApps\\MicrosoftWindows.Client.CBS_cw5n1h2txyewy\\TextInputHost.exe', 'C:\\Windows\\ImmersiveControlPanel\\SystemSettings.exe', 'C:\\Windows\\System32\\cmd.exe', 'C:\\Windows\\System32\\WindowsPowerShell\\v1.0\\powershell.exe'], 'exclude_window_titles': ['Program Manager', 'dummyLayeredWnd', 'Microsoft Text Input Application', '设置'], 'browser_executables': ['chrome.exe', 'msedge.exe', 'firefox.exe', 'opera.exe'], 'window_title_similarity_threshold': 0.5, 'restore_delay_seconds': 0.1, 'backup_session_data': True, 'default_session_name': '上次会话', 'startup_delay_seconds': 2}
2025-06-06 17:58:17,948 - INFO - 脚本以GUI模式启动。
2025-06-06 17:58:17,992 - WARNING - 未找到窗口图标文件: d:\project\20250605\app_icon.ico
2025-06-06 17:58:18,004 - INFO - 会话管理器应用程序已启动。
2025-06-06 17:58:18,004 - INFO - 配置文件: d:\project\20250605\config.json
2025-06-06 17:58:18,004 - INFO - 会话数据文件: D:\project\20250605\session_data.json
2025-06-06 17:58:18,004 - INFO - 日志文件: d:\project\20250605\session_manager.log
2025-06-06 17:58:18,004 - INFO - 加载所有会话...
2025-06-06 17:58:18,005 - INFO - 已从 D:\project\20250605\session_data.json 加载所有会话数据。共 1 个会话。
2025-06-06 17:58:18,005 - INFO - 选中会话: '上次会话'
2025-06-06 17:58:18,005 - INFO - Treeview 已加载 3 个条目。
2025-06-06 17:58:18,006 - INFO - 会话加载完成。共 1 个会话。
2025-06-06 17:58:23,078 - INFO - 点击：保存当前会话为 '上次会话'
2025-06-06 17:58:23,078 - INFO - 开始收集当前会话数据...
2025-06-06 17:58:23,079 - DEBUG - 收集到应用: '会话管理器' (C:\Users\Administrator\AppData\Local\Programs\Python\Python39\python.exe)
2025-06-06 17:58:23,079 - DEBUG - 收集到应用: 'README.md - 20250605 - Cursor [Administrator]' (D:\Users\Administrator\AppData\Local\Programs\cursor\Cursor.exe)
2025-06-06 17:58:23,079 - INFO -   - Note: Collecting tab URLs for 'picture_to_code - 工作流 -智能体平台 - Google Chrome' (chrome.exe) is not yet implemented.
2025-06-06 17:58:23,079 - DEBUG - 收集到浏览器: 'picture_to_code - 工作流 -智能体平台 - Google Chrome' (C:\Program Files\Google\Chrome\Application\chrome.exe)
2025-06-06 17:58:23,080 - INFO - 会话数据收集完成。共收集到 3 个相关窗口/应用条目。
2025-06-06 17:58:23,080 - INFO - 已备份现有会话数据文件到 D:\project\20250605\session_data.json.bak
2025-06-06 17:58:23,081 - INFO - 所有会话数据已成功保存到 D:\project\20250605\session_data.json
2025-06-06 17:58:23,081 - INFO - 加载所有会话...
2025-06-06 17:58:23,081 - INFO - 已从 D:\project\20250605\session_data.json 加载所有会话数据。共 1 个会话。
2025-06-06 17:58:23,081 - INFO - 选中会话: '上次会话'
2025-06-06 17:58:23,082 - INFO - Treeview 已加载 3 个条目。
2025-06-06 17:58:23,082 - INFO - 会话加载完成。共 1 个会话。
2025-06-06 17:58:23,082 - INFO - 会话 '上次会话' 保存成功。
