2025-06-06 16:41:47,662 - INFO - 配置文件 D:\project\20250605\dist\config.json 不存在，创建默认配置。
2025-06-06 16:41:47,663 - DEBUG - 配置加载完成：{'session_data_file': 'D:\\project\\20250605\\dist\\session_data.json', 'exclude_process_paths': ['C:\\Windows\\explorer.exe', 'C:\\Windows\\System32\\ApplicationFrameHost.exe', 'C:\\Windows\\SystemApps\\MicrosoftWindows.Client.CBS_cw5n1h2txyewy\\TextInputHost.exe', 'C:\\Windows\\ImmersiveControlPanel\\SystemSettings.exe', 'C:\\Windows\\System32\\cmd.exe', 'C:\\Windows\\System32\\WindowsPowerShell\\v1.0\\powershell.exe'], 'exclude_window_titles': ['Program Manager', 'dummyLayeredWnd', 'Microsoft Text Input Application', '设置'], 'browser_executables': ['chrome.exe', 'msedge.exe', 'firefox.exe', 'opera.exe'], 'window_title_similarity_threshold': 0.5, 'restore_delay_seconds': 0.1, 'backup_session_data': True}
2025-06-06 16:43:46,685 - INFO - 配置已从 D:\project\20250605\dist\config.json 加载。
2025-06-06 16:43:46,685 - DEBUG - 配置加载完成：{'session_data_file': 'D:\\project\\20250605\\dist\\session_data.json', 'exclude_process_paths': ['C:\\Windows\\explorer.exe', 'C:\\Windows\\System32\\ApplicationFrameHost.exe', 'C:\\Windows\\SystemApps\\MicrosoftWindows.Client.CBS_cw5n1h2txyewy\\TextInputHost.exe', 'C:\\Windows\\ImmersiveControlPanel\\SystemSettings.exe', 'C:\\Windows\\System32\\cmd.exe', 'C:\\Windows\\System32\\WindowsPowerShell\\v1.0\\powershell.exe'], 'exclude_window_titles': ['Program Manager', 'dummyLayeredWnd', 'Microsoft Text Input Application', '设置'], 'browser_executables': ['chrome.exe', 'msedge.exe', 'firefox.exe', 'opera.exe'], 'window_title_similarity_threshold': 0.5, 'restore_delay_seconds': 0.1, 'backup_session_data': True}
2025-06-06 16:43:46,686 - INFO - 脚本以GUI模式启动。
2025-06-06 16:43:46,766 - INFO - 会话管理器应用程序已启动。
2025-06-06 16:43:46,766 - INFO - 配置文件: D:\project\20250605\dist\config.json
2025-06-06 16:43:46,766 - INFO - 会话数据文件: D:\project\20250605\dist\session_data.json
2025-06-06 16:43:46,766 - INFO - 日志文件: D:\project\20250605\dist\session_manager.log
2025-06-06 16:43:49,166 - INFO - 点击：保存会话
2025-06-06 16:43:52,980 - INFO - 点击：恢复会话
2025-06-06 16:44:02,879 - INFO - 点击：管理会话数据
2025-06-06 16:44:02,910 - INFO - 已打开会话数据目录: D:\project\20250605\dist
2025-06-06 16:47:55,947 - INFO - 配置已从 D:\project\20250605\dist\config.json 加载。
2025-06-06 16:47:55,947 - DEBUG - 配置加载完成：{'session_data_file': 'D:\\project\\20250605\\dist\\session_data.json', 'exclude_process_paths': ['C:\\Windows\\explorer.exe', 'C:\\Windows\\System32\\ApplicationFrameHost.exe', 'C:\\Windows\\SystemApps\\MicrosoftWindows.Client.CBS_cw5n1h2txyewy\\TextInputHost.exe', 'C:\\Windows\\ImmersiveControlPanel\\SystemSettings.exe', 'C:\\Windows\\System32\\cmd.exe', 'C:\\Windows\\System32\\WindowsPowerShell\\v1.0\\powershell.exe'], 'exclude_window_titles': ['Program Manager', 'dummyLayeredWnd', 'Microsoft Text Input Application', '设置'], 'browser_executables': ['chrome.exe', 'msedge.exe', 'firefox.exe', 'opera.exe'], 'window_title_similarity_threshold': 0.5, 'restore_delay_seconds': 0.1, 'backup_session_data': True}
2025-06-06 16:47:55,948 - INFO - 脚本以GUI模式启动。
2025-06-06 16:47:56,006 - INFO - 会话管理器应用程序已启动。
2025-06-06 16:47:56,006 - INFO - 配置文件: D:\project\20250605\dist\config.json
2025-06-06 16:47:56,006 - INFO - 会话数据文件: D:\project\20250605\dist\session_data.json
2025-06-06 16:47:56,006 - INFO - 日志文件: D:\project\20250605\dist\session_manager.log
2025-06-06 16:47:56,007 - INFO - 没有会话数据可显示。
2025-06-06 16:47:59,734 - INFO - 点击：保存当前会话
2025-06-06 16:47:59,734 - INFO - 已备份现有会话数据到 D:\project\20250605\dist\session_data.json.bak
2025-06-06 16:47:59,734 - INFO - 会话数据已成功保存到 D:\project\20250605\dist\session_data.json
2025-06-06 16:47:59,734 - INFO - Treeview 已加载 3 个会话条目。
2025-06-06 16:48:09,658 - INFO - 点击：加载会话数据
2025-06-06 16:48:09,658 - INFO - 已从 D:\project\20250605\dist\session_data.json 加载会话数据
2025-06-06 16:48:09,658 - INFO - Treeview 已加载 3 个会话条目。
2025-06-06 16:48:09,658 - INFO - 会话数据已加载到界面。
2025-06-06 16:48:14,870 - INFO - 点击：打开数据目录
2025-06-06 16:48:14,898 - INFO - 已打开会话数据目录: D:\project\20250605\dist
2025-06-06 16:52:11,858 - INFO - 配置已从 D:\project\20250605\dist\config.json 加载。
2025-06-06 16:52:11,858 - DEBUG - 配置加载完成：{'session_data_file': 'D:\\project\\20250605\\dist\\session_data.json', 'exclude_process_paths': ['C:\\Windows\\explorer.exe', 'C:\\Windows\\System32\\ApplicationFrameHost.exe', 'C:\\Windows\\SystemApps\\MicrosoftWindows.Client.CBS_cw5n1h2txyewy\\TextInputHost.exe', 'C:\\Windows\\ImmersiveControlPanel\\SystemSettings.exe', 'C:\\Windows\\System32\\cmd.exe', 'C:\\Windows\\System32\\WindowsPowerShell\\v1.0\\powershell.exe'], 'exclude_window_titles': ['Program Manager', 'dummyLayeredWnd', 'Microsoft Text Input Application', '设置'], 'browser_executables': ['chrome.exe', 'msedge.exe', 'firefox.exe', 'opera.exe'], 'window_title_similarity_threshold': 0.5, 'restore_delay_seconds': 0.1, 'backup_session_data': True}
2025-06-06 16:52:11,858 - INFO - 脚本以GUI模式启动。
2025-06-06 16:52:11,919 - INFO - 会话管理器应用程序已启动。
2025-06-06 16:52:11,920 - INFO - 配置文件: D:\project\20250605\dist\config.json
2025-06-06 16:52:11,920 - INFO - 会话数据文件: D:\project\20250605\dist\session_data.json
2025-06-06 16:52:11,920 - INFO - 日志文件: D:\project\20250605\dist\session_manager.log
2025-06-06 16:52:11,920 - INFO - 没有会话数据可显示。
2025-06-06 16:52:14,075 - INFO - 点击：保存当前会话
2025-06-06 16:52:14,077 - INFO - 已备份现有会话数据到 D:\project\20250605\dist\session_data.json.bak
2025-06-06 16:52:14,078 - INFO - 会话数据已成功保存到 D:\project\20250605\dist\session_data.json
2025-06-06 16:52:14,078 - INFO - Treeview 已加载 3 个会话条目。
2025-06-06 16:52:21,108 - INFO - 点击：恢复上次会话
2025-06-06 16:52:21,108 - INFO - 开始恢复会话...
2025-06-06 16:52:21,108 - INFO - 
尝试恢复: '会话管理器' (路径: D:\project\20250605\dist\SessionManager.exe)
2025-06-06 16:52:21,109 - INFO -   - 找到 1 个同路径的现有窗口。
2025-06-06 16:52:21,109 - INFO -   - 找到精确匹配标题的窗口 (标题: '会话管理器')。
2025-06-06 16:52:21,109 - DEBUG -   - 尝试使用 pygetwindow.restore() 和 activate() 对窗口 '会话管理器' (HWND: 328958)...
2025-06-06 16:52:21,110 - INFO -   - pygetwindow 聚焦尝试成功。
2025-06-06 16:52:21,110 - INFO - 
尝试恢复: 'get_windows.py - 20250605 - Cursor [Administrator]' (路径: D:\Users\Administrator\AppData\Local\Programs\cursor\Cursor.exe)
2025-06-06 16:52:21,110 - INFO -   - 找到 1 个同路径的现有窗口。
2025-06-06 16:52:21,111 - INFO -   - 找到精确匹配标题的窗口 (标题: 'get_windows.py - 20250605 - Cursor [Administrator]')。
2025-06-06 16:52:21,111 - DEBUG -   - 尝试使用 pygetwindow.restore() 和 activate() 对窗口 'get_windows.py - 20250605 - Cursor [Administrator]' (HWND: 394872)...
2025-06-06 16:52:21,115 - INFO -   - pygetwindow 聚焦尝试成功。
2025-06-06 16:52:21,115 - INFO - 
尝试恢复: '使用Mermaid重新绘制流程图 - Kimi - Google Chrome' (路径: C:\Program Files\Google\Chrome\Application\chrome.exe)
2025-06-06 16:52:21,117 - INFO -   - 找到 2 个同路径的现有窗口。
2025-06-06 16:52:21,117 - INFO -   - 找到精确匹配标题的窗口 (标题: '使用Mermaid重新绘制流程图 - Kimi - Google Chrome')。
2025-06-06 16:52:21,118 - DEBUG -   - 尝试使用 pygetwindow.restore() 和 activate() 对窗口 '使用Mermaid重新绘制流程图 - Kimi - Google Chrome' (HWND: 788062)...
2025-06-06 16:52:21,266 - INFO -   - pygetwindow 聚焦尝试成功。
2025-06-06 16:52:21,266 - INFO - 
会话恢复完成。成功尝试处理 3 个应用/浏览器 (注意：浏览器标签页收集和恢复功能待实现)。
2025-06-06 16:52:26,568 - INFO - 点击：加载会话数据
2025-06-06 16:52:26,569 - INFO - 已从 D:\project\20250605\dist\session_data.json 加载会话数据
2025-06-06 16:52:26,569 - INFO - Treeview 已加载 3 个会话条目。
2025-06-06 16:52:26,569 - INFO - 会话数据已加载到界面。
2025-06-06 16:52:31,761 - INFO - 点击：打开数据目录
2025-06-06 16:52:31,791 - INFO - 已打开会话数据目录: D:\project\20250605\dist
2025-06-06 16:53:03,078 - INFO - 点击：恢复上次会话
2025-06-06 16:53:03,078 - INFO - 开始恢复会话...
2025-06-06 16:53:03,078 - INFO - 
尝试恢复: '会话管理器' (路径: D:\project\20250605\dist\SessionManager.exe)
2025-06-06 16:53:03,079 - INFO -   - 找到 1 个同路径的现有窗口。
2025-06-06 16:53:03,079 - INFO -   - 找到精确匹配标题的窗口 (标题: '会话管理器')。
2025-06-06 16:53:03,079 - DEBUG -   - 尝试使用 pygetwindow.restore() 和 activate() 对窗口 '会话管理器' (HWND: 328958)...
2025-06-06 16:53:03,079 - INFO -   - pygetwindow 聚焦尝试成功。
2025-06-06 16:53:03,080 - INFO - 
尝试恢复: 'get_windows.py - 20250605 - Cursor [Administrator]' (路径: D:\Users\Administrator\AppData\Local\Programs\cursor\Cursor.exe)
2025-06-06 16:53:03,081 - INFO -   - 找到 1 个同路径的现有窗口。
2025-06-06 16:53:03,081 - INFO -   - 找到精确匹配标题的窗口 (标题: 'get_windows.py - 20250605 - Cursor [Administrator]')。
2025-06-06 16:53:03,081 - DEBUG -   - 尝试使用 pygetwindow.restore() 和 activate() 对窗口 'get_windows.py - 20250605 - Cursor [Administrator]' (HWND: 394872)...
2025-06-06 16:53:03,085 - INFO -   - pygetwindow 聚焦尝试成功。
2025-06-06 16:53:03,085 - INFO - 
尝试恢复: '使用Mermaid重新绘制流程图 - Kimi - Google Chrome' (路径: C:\Program Files\Google\Chrome\Application\chrome.exe)
2025-06-06 16:53:03,087 - INFO -   - 找到 1 个同路径的现有窗口。
2025-06-06 16:53:03,087 - DEBUG -   - 未找到精确匹配标题的窗口，尝试模糊匹配...
2025-06-06 16:53:03,088 - DEBUG -     - Comparing '使用Mermaid重新绘制流程图 - Kimi - Google Chrome' with '新标签页 - Google Chrome': 0.58
2025-06-06 16:53:03,088 - INFO -   - 找到最匹配的窗口 (标题: '新标签页 - Google Chrome', 相似度: 0.58)，尝试聚焦...
2025-06-06 16:53:03,089 - DEBUG -   - 尝试使用 pygetwindow.restore() 和 activate() 对窗口 '新标签页 - Google Chrome' (HWND: 459892)...
2025-06-06 16:53:03,233 - INFO -   - pygetwindow 聚焦尝试成功。
2025-06-06 16:53:03,234 - INFO - 
会话恢复完成。成功尝试处理 3 个应用/浏览器 (注意：浏览器标签页收集和恢复功能待实现)。
2025-06-06 16:56:37,225 - INFO - 配置已从 D:\project\20250605\dist\config.json 加载。
2025-06-06 16:56:37,225 - DEBUG - 配置加载完成：{'session_data_file': 'D:\\project\\20250605\\dist\\session_data.json', 'exclude_process_paths': ['C:\\Windows\\explorer.exe', 'C:\\Windows\\System32\\ApplicationFrameHost.exe', 'C:\\Windows\\SystemApps\\MicrosoftWindows.Client.CBS_cw5n1h2txyewy\\TextInputHost.exe', 'C:\\Windows\\ImmersiveControlPanel\\SystemSettings.exe', 'C:\\Windows\\System32\\cmd.exe', 'C:\\Windows\\System32\\WindowsPowerShell\\v1.0\\powershell.exe'], 'exclude_window_titles': ['Program Manager', 'dummyLayeredWnd', 'Microsoft Text Input Application', '设置'], 'browser_executables': ['chrome.exe', 'msedge.exe', 'firefox.exe', 'opera.exe'], 'window_title_similarity_threshold': 0.5, 'restore_delay_seconds': 0.1, 'backup_session_data': True}
2025-06-06 16:56:37,225 - INFO - 脚本以GUI模式启动。
2025-06-06 16:56:37,293 - INFO - 会话管理器应用程序已启动。
2025-06-06 16:56:37,293 - INFO - 配置文件: D:\project\20250605\dist\config.json
2025-06-06 16:56:37,294 - INFO - 会话数据文件: D:\project\20250605\dist\session_data.json
2025-06-06 16:56:37,294 - INFO - 日志文件: D:\project\20250605\dist\session_manager.log
2025-06-06 16:56:37,294 - DEBUG - 状态更新: 应用程序已启动
2025-06-06 16:56:37,294 - DEBUG - 状态更新: 正在加载会话数据...
2025-06-06 16:56:37,294 - INFO - 点击：刷新列表 (加载会话数据)
2025-06-06 16:56:37,294 - INFO - 已从 D:\project\20250605\dist\session_data.json 加载会话数据
2025-06-06 16:56:37,295 - INFO - Treeview 已加载 3 个会话条目。
2025-06-06 16:56:37,298 - DEBUG - 状态更新: 数据加载完成。加载 3 个条目。
2025-06-06 16:56:42,294 - DEBUG - 状态更新: 正在保存会话...
2025-06-06 16:56:42,294 - INFO - 点击：保存会话
2025-06-06 16:56:42,296 - INFO - 已备份现有会话数据到 D:\project\20250605\dist\session_data.json.bak
2025-06-06 16:56:42,297 - INFO - 会话数据已成功保存到 D:\project\20250605\dist\session_data.json
2025-06-06 16:56:42,297 - INFO - Treeview 已加载 3 个会话条目。
2025-06-06 16:56:42,297 - DEBUG - 状态更新: 保存完成。共记录 3 个条目。
2025-06-06 16:56:47,207 - DEBUG - 状态更新: 正在加载会话数据...
2025-06-06 16:56:47,207 - INFO - 点击：刷新列表 (加载会话数据)
2025-06-06 16:56:47,207 - INFO - 已从 D:\project\20250605\dist\session_data.json 加载会话数据
2025-06-06 16:56:47,207 - INFO - Treeview 已加载 3 个会话条目。
2025-06-06 16:56:47,208 - DEBUG - 状态更新: 数据加载完成。加载 3 个条目。
2025-06-06 16:56:53,960 - INFO - 点击：清空所有
2025-06-06 16:56:57,580 - DEBUG - 状态更新: 正在清空所有数据...
2025-06-06 16:56:57,580 - INFO - 用户确认清空所有会话数据。
2025-06-06 16:56:57,580 - INFO - 已备份现有会话数据到 D:\project\20250605\dist\session_data.json.bak
2025-06-06 16:56:57,580 - INFO - 会话数据已成功保存到 D:\project\20250605\dist\session_data.json
2025-06-06 16:56:57,580 - INFO - 没有会话数据可显示。
2025-06-06 16:56:57,580 - DEBUG - 状态更新: 所有会话数据已清空并保存。
2025-06-06 16:57:00,665 - DEBUG - 状态更新: 正在保存会话...
2025-06-06 16:57:00,666 - INFO - 点击：保存会话
2025-06-06 16:57:00,667 - INFO - 已备份现有会话数据到 D:\project\20250605\dist\session_data.json.bak
2025-06-06 16:57:00,668 - INFO - 会话数据已成功保存到 D:\project\20250605\dist\session_data.json
2025-06-06 16:57:00,668 - INFO - Treeview 已加载 3 个会话条目。
2025-06-06 16:57:00,668 - DEBUG - 状态更新: 保存完成。共记录 3 个条目。
2025-06-06 16:57:02,456 - INFO - 点击：打开数据目录
2025-06-06 16:57:02,472 - INFO - 已打开会话数据目录: D:\project\20250605\dist
2025-06-06 16:57:02,472 - DEBUG - 状态更新: 已打开数据目录: D:\project\20250605\dist
2025-06-06 17:22:33,793 - INFO - 配置已从 D:\project\20250605\dist\config.json 加载。
2025-06-06 17:22:33,793 - DEBUG - 配置加载完成：{'session_data_file': 'D:\\project\\20250605\\dist\\session_data.json', 'exclude_process_paths': ['C:\\Windows\\explorer.exe', 'C:\\Windows\\System32\\ApplicationFrameHost.exe', 'C:\\Windows\\SystemApps\\MicrosoftWindows.Client.CBS_cw5n1h2txyewy\\TextInputHost.exe', 'C:\\Windows\\ImmersiveControlPanel\\SystemSettings.exe', 'C:\\Windows\\System32\\cmd.exe', 'C:\\Windows\\System32\\WindowsPowerShell\\v1.0\\powershell.exe'], 'exclude_window_titles': ['Program Manager', 'dummyLayeredWnd', 'Microsoft Text Input Application', '设置'], 'browser_executables': ['chrome.exe', 'msedge.exe', 'firefox.exe', 'opera.exe'], 'window_title_similarity_threshold': 0.5, 'restore_delay_seconds': 0.1, 'backup_session_data': True}
2025-06-06 17:22:33,793 - INFO - 脚本以GUI模式启动。
2025-06-06 17:22:33,849 - INFO - 会话管理器应用程序已启动。
2025-06-06 17:22:33,849 - INFO - 配置文件: D:\project\20250605\dist\config.json
2025-06-06 17:22:33,850 - INFO - 会话数据文件: D:\project\20250605\dist\session_data.json
2025-06-06 17:22:33,850 - INFO - 日志文件: D:\project\20250605\dist\session_manager.log
2025-06-06 17:22:33,850 - DEBUG - 状态更新: 应用程序已启动
2025-06-06 17:22:33,850 - DEBUG - 状态更新: 正在加载会话数据...
2025-06-06 17:22:33,850 - INFO - 点击：刷新列表 (加载会话数据)
2025-06-06 17:22:33,850 - INFO - 已从 D:\project\20250605\dist\session_data.json 加载会话数据
2025-06-06 17:22:33,851 - INFO - Treeview 已加载 3 个会话条目。
2025-06-06 17:22:33,851 - DEBUG - 状态更新: 数据加载完成。加载 3 个条目。
2025-06-07 08:49:57,820 - INFO - 配置已从 D:\project\20250605\dist\config.json 加载。
2025-06-07 08:49:57,820 - DEBUG - 配置加载完成：{'session_data_file': 'D:\\project\\20250605\\dist\\session_data.json', 'exclude_process_paths': ['C:\\Windows\\explorer.exe', 'C:\\Windows\\System32\\ApplicationFrameHost.exe', 'C:\\Windows\\SystemApps\\MicrosoftWindows.Client.CBS_cw5n1h2txyewy\\TextInputHost.exe', 'C:\\Windows\\ImmersiveControlPanel\\SystemSettings.exe', 'C:\\Windows\\System32\\cmd.exe', 'C:\\Windows\\System32\\WindowsPowerShell\\v1.0\\powershell.exe'], 'exclude_window_titles': ['Program Manager', 'dummyLayeredWnd', 'Microsoft Text Input Application', '设置'], 'browser_executables': ['chrome.exe', 'msedge.exe', 'firefox.exe', 'opera.exe'], 'window_title_similarity_threshold': 0.5, 'restore_delay_seconds': 0.1, 'backup_session_data': True}
2025-06-07 08:49:57,820 - INFO - 脚本以GUI模式启动。
2025-06-07 08:49:57,914 - INFO - 会话管理器应用程序已启动。
2025-06-07 08:49:57,914 - INFO - 配置文件: D:\project\20250605\dist\config.json
2025-06-07 08:49:57,914 - INFO - 会话数据文件: D:\project\20250605\dist\session_data.json
2025-06-07 08:49:57,914 - INFO - 日志文件: D:\project\20250605\dist\session_manager.log
2025-06-07 08:49:57,914 - DEBUG - 状态更新: 应用程序已启动
2025-06-07 08:49:57,914 - DEBUG - 状态更新: 正在加载会话数据...
2025-06-07 08:49:57,914 - INFO - 点击：刷新列表 (加载会话数据)
2025-06-07 08:49:57,961 - INFO - 已从 D:\project\20250605\dist\session_data.json 加载会话数据
2025-06-07 08:49:57,961 - INFO - Treeview 已加载 3 个会话条目。
2025-06-07 08:49:57,961 - DEBUG - 状态更新: 数据加载完成。加载 3 个条目。
2025-06-07 08:50:01,553 - DEBUG - 状态更新: 正在尝试恢复会话...
2025-06-07 08:50:01,553 - INFO - 点击：恢复上次会话
2025-06-07 08:50:01,553 - INFO - 开始恢复会话...
2025-06-07 08:50:01,553 - INFO - 
尝试恢复: '会话管理器' (路径: D:\project\20250605\dist\SessionManager.exe)
2025-06-07 08:50:01,553 - INFO -   - 找到 1 个同路径的现有窗口。
2025-06-07 08:50:01,553 - INFO -   - 找到精确匹配标题的窗口 (标题: '会话管理器')。
2025-06-07 08:50:01,553 - DEBUG -   - 尝试使用 pygetwindow.restore() 和 activate() 对窗口 '会话管理器' (HWND: 132272)...
2025-06-07 08:50:01,553 - INFO -   - pygetwindow 聚焦尝试成功。
2025-06-07 08:50:01,553 - INFO - 
尝试恢复: 'get_windows.py - 20250605 - Cursor [Administrator]' (路径: D:\Users\Administrator\AppData\Local\Programs\cursor\Cursor.exe)
2025-06-07 08:50:01,553 - INFO -   - 未找到可用的现有窗口或聚焦失败，尝试启动新实例...
2025-06-07 08:50:01,553 - INFO -   - 启动应用程序...
2025-06-07 08:50:01,553 - INFO -   - 应用程序 'get_windows.py - 20250605 - Cursor [Administrator]' 启动命令成功。
2025-06-07 08:50:01,553 - INFO - 
尝试恢复: 'processon_百度搜索 - Google Chrome' (路径: C:\Program Files\Google\Chrome\Application\chrome.exe)
2025-06-07 08:50:01,553 - INFO -   - 未找到可用的现有窗口或聚焦失败，尝试启动新实例...
2025-06-07 08:50:01,553 - INFO -   - 识别为浏览器 (无URL或启动失败)，启动可执行文件，依赖浏览器自身会话恢复...
2025-06-07 08:50:01,568 - INFO - 
会话恢复完成。成功尝试处理 3 个应用/浏览器 (注意：浏览器标签页收集和恢复功能待实现)。
2025-06-07 08:50:01,568 - DEBUG - 状态更新: 恢复尝试完成。请检查日志了解详情。
